<?xml version="1.0" encoding="UTF-8"?>
<testsuite xmlns:xsi="http://www.w3.org/2001/XMLSchema-instance" xsi:noNamespaceSchemaLocation="https://maven.apache.org/surefire/maven-surefire-plugin/xsd/surefire-test-report.xsd" version="3.0.1" name="com.api.PostfixTest" time="0.053" tests="20" errors="15" skipped="0" failures="5">
  <properties>
    <property name="java.specification.version" value="22"/>
    <property name="sun.cpu.isalist" value="amd64"/>
    <property name="sun.jnu.encoding" value="Cp1252"/>
    <property name="java.class.path" value="C:\Users\marco\OneDrive\Escritorio\Tareas Universidad\Segundo año\Algoritmos y estructuras de datos\trabajos\java\HT4-G4\target\test-classes;C:\Users\marco\OneDrive\Escritorio\Tareas Universidad\Segundo año\Algoritmos y estructuras de datos\trabajos\java\HT4-G4\target\classes;C:\Users\marco\.m2\repository\org\junit\jupiter\junit-jupiter-api\5.11.0\junit-jupiter-api-5.11.0.jar;C:\Users\marco\.m2\repository\org\opentest4j\opentest4j\1.3.0\opentest4j-1.3.0.jar;C:\Users\marco\.m2\repository\org\junit\platform\junit-platform-commons\1.11.0\junit-platform-commons-1.11.0.jar;C:\Users\marco\.m2\repository\org\apiguardian\apiguardian-api\1.1.2\apiguardian-api-1.1.2.jar;C:\Users\marco\.m2\repository\org\junit\jupiter\junit-jupiter-params\5.11.0\junit-jupiter-params-5.11.0.jar;C:\Users\marco\.m2\repository\org\junit\jupiter\junit-jupiter-engine\5.11.0\junit-jupiter-engine-5.11.0.jar;C:\Users\marco\.m2\repository\org\junit\platform\junit-platform-engine\1.11.0\junit-platform-engine-1.11.0.jar;"/>
    <property name="java.vm.vendor" value="Oracle Corporation"/>
    <property name="sun.arch.data.model" value="64"/>
    <property name="user.variant" value=""/>
    <property name="java.vendor.url" value="https://java.oracle.com/"/>
    <property name="user.timezone" value="America/Guatemala"/>
    <property name="os.name" value="Windows 11"/>
    <property name="java.vm.specification.version" value="22"/>
    <property name="sun.java.launcher" value="SUN_STANDARD"/>
    <property name="user.country" value="AR"/>
    <property name="sun.boot.library.path" value="C:\Program Files\Java\jdk-22\bin"/>
    <property name="sun.java.command" value="C:\Users\marco\AppData\Local\Temp\surefire772942247225779585\surefirebooter-20250218215133585_3.jar C:\Users\marco\AppData\Local\Temp\surefire772942247225779585 2025-02-18T21-51-33_460-jvmRun1 surefire-20250218215133585_1tmp surefire_0-20250218215133585_2tmp"/>
    <property name="jdk.debug" value="release"/>
    <property name="surefire.test.class.path" value="C:\Users\marco\OneDrive\Escritorio\Tareas Universidad\Segundo año\Algoritmos y estructuras de datos\trabajos\java\HT4-G4\target\test-classes;C:\Users\marco\OneDrive\Escritorio\Tareas Universidad\Segundo año\Algoritmos y estructuras de datos\trabajos\java\HT4-G4\target\classes;C:\Users\marco\.m2\repository\org\junit\jupiter\junit-jupiter-api\5.11.0\junit-jupiter-api-5.11.0.jar;C:\Users\marco\.m2\repository\org\opentest4j\opentest4j\1.3.0\opentest4j-1.3.0.jar;C:\Users\marco\.m2\repository\org\junit\platform\junit-platform-commons\1.11.0\junit-platform-commons-1.11.0.jar;C:\Users\marco\.m2\repository\org\apiguardian\apiguardian-api\1.1.2\apiguardian-api-1.1.2.jar;C:\Users\marco\.m2\repository\org\junit\jupiter\junit-jupiter-params\5.11.0\junit-jupiter-params-5.11.0.jar;C:\Users\marco\.m2\repository\org\junit\jupiter\junit-jupiter-engine\5.11.0\junit-jupiter-engine-5.11.0.jar;C:\Users\marco\.m2\repository\org\junit\platform\junit-platform-engine\1.11.0\junit-platform-engine-1.11.0.jar;"/>
    <property name="sun.cpu.endian" value="little"/>
    <property name="user.home" value="C:\Users\marco"/>
    <property name="user.language" value="es"/>
    <property name="java.specification.vendor" value="Oracle Corporation"/>
    <property name="java.version.date" value="2024-04-16"/>
    <property name="java.home" value="C:\Program Files\Java\jdk-22"/>
    <property name="file.separator" value="\"/>
    <property name="basedir" value="C:\Users\marco\OneDrive\Escritorio\Tareas Universidad\Segundo año\Algoritmos y estructuras de datos\trabajos\java\HT4-G4"/>
    <property name="java.vm.compressedOopsMode" value="Zero based"/>
    <property name="line.separator" value="&#10;"/>
    <property name="java.vm.specification.vendor" value="Oracle Corporation"/>
    <property name="java.specification.name" value="Java Platform API Specification"/>
    <property name="surefire.real.class.path" value="C:\Users\marco\AppData\Local\Temp\surefire772942247225779585\surefirebooter-20250218215133585_3.jar"/>
    <property name="user.script" value=""/>
    <property name="sun.management.compiler" value="HotSpot 64-Bit Tiered Compilers"/>
    <property name="java.runtime.version" value="22.0.1+8-16"/>
    <property name="user.name" value="marco"/>
    <property name="stdout.encoding" value="Cp1252"/>
    <property name="path.separator" value=";"/>
    <property name="os.version" value="10.0"/>
    <property name="java.runtime.name" value="Java(TM) SE Runtime Environment"/>
    <property name="file.encoding" value="UTF-8"/>
    <property name="java.vm.name" value="Java HotSpot(TM) 64-Bit Server VM"/>
    <property name="localRepository" value="C:\Users\marco\.m2\repository"/>
    <property name="java.vendor.url.bug" value="https://bugreport.java.com/bugreport/"/>
    <property name="java.io.tmpdir" value="C:\Users\marco\AppData\Local\Temp\"/>
    <property name="java.version" value="22.0.1"/>
    <property name="user.dir" value="C:\Users\marco\OneDrive\Escritorio\Tareas Universidad\Segundo año\Algoritmos y estructuras de datos\trabajos\java\HT4-G4"/>
    <property name="os.arch" value="amd64"/>
    <property name="java.vm.specification.name" value="Java Virtual Machine Specification"/>
    <property name="sun.os.patch.level" value=""/>
    <property name="native.encoding" value="Cp1252"/>
    <property name="java.library.path" value="C:\Program Files\Java\jdk-22\bin;C:\WINDOWS\Sun\Java\bin;C:\WINDOWS\system32;C:\WINDOWS;C:\Program Files\Common Files\Oracle\Java\javapath;C:\Program Files (x86)\Common Files\Oracle\Java\java8path;C:\Program Files (x86)\Common Files\Oracle\Java\javapath;C:\Windows\system32;C:\Windows;C:\Windows\System32\Wbem;C:\Windows\System32\WindowsPowerShell\v1.0\;C:\Windows\System32\OpenSSH\;C:\Program Files (x86)\NVIDIA Corporation\PhysX\Common;C:\Program Files\NVIDIA Corporation\NVIDIA NvDLISR;C:\Program Files\dotnet\;C:\WINDOWS\system32;C:\WINDOWS;C:\WINDOWS\System32\Wbem;C:\WINDOWS\System32\WindowsPowerShell\v1.0\;C:\WINDOWS\System32\OpenSSH\;C:\Program Files\nodejs\;C:\Program Files\Git\cmd;C:\Program Files\Docker\Docker\resources\bin;C:\Program Files\GitHub CLI\;C:\Program Files (x86)\sbt\bin;C:\Users\marco\AppData\Local\Programs\Python\Launcher\;C:\Users\marco\AppData\Local\Microsoft\WindowsApps;C:\Users\marco\AppData\Roaming\npm;C:\Users\marco\apache-maven-3.9.9\bin;C:\Users\marco\AppData\Local\Programs\Microsoft VS Code\bin;C:\Users\marco\AppData\Local\GitHubDesktop\bin;;c:\Users\marco\AppData\Roaming\Code\User\globalStorage\github.copilot-chat\debugCommand;."/>
    <property name="java.vm.info" value="mixed mode, sharing"/>
    <property name="stderr.encoding" value="Cp1252"/>
    <property name="java.vendor" value="Oracle Corporation"/>
    <property name="java.vm.version" value="22.0.1+8-16"/>
    <property name="sun.io.unicode.encoding" value="UnicodeLittle"/>
    <property name="java.class.version" value="66.0"/>
  </properties>
  <testcase name="testInfixToPostfixComplexExpression" classname="com.api.PostfixTest" time="0.006">
    <error message="Tipo de stack no válido: ArrayList" type="java.lang.IllegalArgumentException"><![CDATA[java.lang.IllegalArgumentException: Tipo de stack no válido: ArrayList
	at com.api.stack.StackFactory.crearStack(StackFactory.java:17)
	at com.api.Postfix.infixToPostfix(Postfix.java:26)
	at com.api.PostfixTest.testInfixToPostfixComplexExpression(PostfixTest.java:163)
	at java.base/java.lang.reflect.Method.invoke(Method.java:580)
	at java.base/java.util.ArrayList.forEach(ArrayList.java:1597)
	at java.base/java.util.ArrayList.forEach(ArrayList.java:1597)
]]></error>
  </testcase>
  <testcase name="testEvaluateDivision" classname="com.api.PostfixTest" time="0.002">
    <error message="Tipo de stack no válido: ArrayList" type="java.lang.IllegalArgumentException"><![CDATA[java.lang.IllegalArgumentException: Tipo de stack no válido: ArrayList
	at com.api.stack.StackFactory.crearStack(StackFactory.java:17)
	at com.api.Postfix.eval(Postfix.java:79)
	at com.api.PostfixTest.testEvaluateDivision(PostfixTest.java:99)
	at java.base/java.lang.reflect.Method.invoke(Method.java:580)
	at java.base/java.util.ArrayList.forEach(ArrayList.java:1597)
	at java.base/java.util.ArrayList.forEach(ArrayList.java:1597)
]]></error>
  </testcase>
  <testcase name="testEvaluateMultipleOperations" classname="com.api.PostfixTest" time="0.002">
    <error message="Tipo de stack no válido: ArrayList" type="java.lang.IllegalArgumentException"><![CDATA[java.lang.IllegalArgumentException: Tipo de stack no válido: ArrayList
	at com.api.stack.StackFactory.crearStack(StackFactory.java:17)
	at com.api.Postfix.eval(Postfix.java:79)
	at com.api.PostfixTest.testEvaluateMultipleOperations(PostfixTest.java:127)
	at java.base/java.lang.reflect.Method.invoke(Method.java:580)
	at java.base/java.util.ArrayList.forEach(ArrayList.java:1597)
	at java.base/java.util.ArrayList.forEach(ArrayList.java:1597)
]]></error>
  </testcase>
  <testcase name="testInfixToPostfixEmptyExpression" classname="com.api.PostfixTest" time="0.005">
    <failure message="expected: &lt;Expression is empty&gt; but was: &lt;Tipo de stack no válido: ArrayList&gt;" type="org.opentest4j.AssertionFailedError"><![CDATA[org.opentest4j.AssertionFailedError: expected: <Expression is empty> but was: <Tipo de stack no válido: ArrayList>
	at org.junit.jupiter.api.AssertionFailureBuilder.build(AssertionFailureBuilder.java:151)
	at org.junit.jupiter.api.AssertionFailureBuilder.buildAndThrow(AssertionFailureBuilder.java:132)
	at org.junit.jupiter.api.AssertEquals.failNotEqual(AssertEquals.java:197)
	at org.junit.jupiter.api.AssertEquals.assertEquals(AssertEquals.java:182)
	at org.junit.jupiter.api.AssertEquals.assertEquals(AssertEquals.java:177)
	at org.junit.jupiter.api.Assertions.assertEquals(Assertions.java:1145)
	at com.api.PostfixTest.testInfixToPostfixEmptyExpression(PostfixTest.java:180)
	at java.base/java.lang.reflect.Method.invoke(Method.java:580)
	at java.base/java.util.ArrayList.forEach(ArrayList.java:1597)
	at java.base/java.util.ArrayList.forEach(ArrayList.java:1597)
]]></failure>
  </testcase>
  <testcase name="testEvaluateDivisionByZero" classname="com.api.PostfixTest" time="0.002">
    <failure message="Unexpected exception type thrown, expected: &lt;java.lang.ArithmeticException&gt; but was: &lt;java.lang.IllegalArgumentException&gt;" type="org.opentest4j.AssertionFailedError"><![CDATA[org.opentest4j.AssertionFailedError: Unexpected exception type thrown, expected: <java.lang.ArithmeticException> but was: <java.lang.IllegalArgumentException>
	at org.junit.jupiter.api.AssertionFailureBuilder.build(AssertionFailureBuilder.java:151)
	at org.junit.jupiter.api.AssertThrows.assertThrows(AssertThrows.java:67)
	at org.junit.jupiter.api.AssertThrows.assertThrows(AssertThrows.java:35)
	at org.junit.jupiter.api.Assertions.assertThrows(Assertions.java:3128)
	at com.api.PostfixTest.testEvaluateDivisionByZero(PostfixTest.java:148)
	at java.base/java.lang.reflect.Method.invoke(Method.java:580)
	at java.base/java.util.ArrayList.forEach(ArrayList.java:1597)
	at java.base/java.util.ArrayList.forEach(ArrayList.java:1597)
Caused by: java.lang.IllegalArgumentException: Tipo de stack no válido: ArrayList
	at com.api.stack.StackFactory.crearStack(StackFactory.java:17)
	at com.api.Postfix.eval(Postfix.java:79)
	at com.api.PostfixTest.lambda$testEvaluateDivisionByZero$2(PostfixTest.java:149)
	at org.junit.jupiter.api.AssertThrows.assertThrows(AssertThrows.java:53)
	... 6 more
]]></failure>
  </testcase>
  <testcase name="testEvaluateComplexExpression" classname="com.api.PostfixTest" time="0.0">
    <error message="Tipo de stack no válido: ArrayList" type="java.lang.IllegalArgumentException"><![CDATA[java.lang.IllegalArgumentException: Tipo de stack no válido: ArrayList
	at com.api.stack.StackFactory.crearStack(StackFactory.java:17)
	at com.api.Postfix.eval(Postfix.java:79)
	at com.api.PostfixTest.testEvaluateComplexExpression(PostfixTest.java:67)
	at java.base/java.lang.reflect.Method.invoke(Method.java:580)
	at java.base/java.util.ArrayList.forEach(ArrayList.java:1597)
	at java.base/java.util.ArrayList.forEach(ArrayList.java:1597)
]]></error>
  </testcase>
  <testcase name="testEvaluateNegativeResult" classname="com.api.PostfixTest" time="0.002">
    <error message="Tipo de stack no válido: ArrayList" type="java.lang.IllegalArgumentException"><![CDATA[java.lang.IllegalArgumentException: Tipo de stack no válido: ArrayList
	at com.api.stack.StackFactory.crearStack(StackFactory.java:17)
	at com.api.Postfix.eval(Postfix.java:79)
	at com.api.PostfixTest.testEvaluateNegativeResult(PostfixTest.java:120)
	at java.base/java.lang.reflect.Method.invoke(Method.java:580)
	at java.base/java.util.ArrayList.forEach(ArrayList.java:1597)
	at java.base/java.util.ArrayList.forEach(ArrayList.java:1597)
]]></error>
  </testcase>
  <testcase name="testEvaluateSubtraction" classname="com.api.PostfixTest" time="0.001">
    <error message="Tipo de stack no válido: ArrayList" type="java.lang.IllegalArgumentException"><![CDATA[java.lang.IllegalArgumentException: Tipo de stack no válido: ArrayList
	at com.api.stack.StackFactory.crearStack(StackFactory.java:17)
	at com.api.Postfix.eval(Postfix.java:79)
	at com.api.PostfixTest.testEvaluateSubtraction(PostfixTest.java:113)
	at java.base/java.lang.reflect.Method.invoke(Method.java:580)
	at java.base/java.util.ArrayList.forEach(ArrayList.java:1597)
	at java.base/java.util.ArrayList.forEach(ArrayList.java:1597)
]]></error>
  </testcase>
  <testcase name="testInfixToPostfixSimpleExpression" classname="com.api.PostfixTest" time="0.001">
    <error message="Tipo de stack no válido: ArrayList" type="java.lang.IllegalArgumentException"><![CDATA[java.lang.IllegalArgumentException: Tipo de stack no válido: ArrayList
	at com.api.stack.StackFactory.crearStack(StackFactory.java:17)
	at com.api.Postfix.infixToPostfix(Postfix.java:26)
	at com.api.PostfixTest.testInfixToPostfixSimpleExpression(PostfixTest.java:156)
	at java.base/java.lang.reflect.Method.invoke(Method.java:580)
	at java.base/java.util.ArrayList.forEach(ArrayList.java:1597)
	at java.base/java.util.ArrayList.forEach(ArrayList.java:1597)
]]></error>
  </testcase>
  <testcase name="testInfixToPostfixInvalidExpression" classname="com.api.PostfixTest" time="0.001">
    <failure message="expected: &lt;Invalid infix expression&gt; but was: &lt;Tipo de stack no válido: ArrayList&gt;" type="org.opentest4j.AssertionFailedError"><![CDATA[org.opentest4j.AssertionFailedError: expected: <Invalid infix expression> but was: <Tipo de stack no válido: ArrayList>
	at org.junit.jupiter.api.AssertionFailureBuilder.build(AssertionFailureBuilder.java:151)
	at org.junit.jupiter.api.AssertionFailureBuilder.buildAndThrow(AssertionFailureBuilder.java:132)
	at org.junit.jupiter.api.AssertEquals.failNotEqual(AssertEquals.java:197)
	at org.junit.jupiter.api.AssertEquals.assertEquals(AssertEquals.java:182)
	at org.junit.jupiter.api.AssertEquals.assertEquals(AssertEquals.java:177)
	at org.junit.jupiter.api.Assertions.assertEquals(Assertions.java:1145)
	at com.api.PostfixTest.testInfixToPostfixInvalidExpression(PostfixTest.java:189)
	at java.base/java.lang.reflect.Method.invoke(Method.java:580)
	at java.base/java.util.ArrayList.forEach(ArrayList.java:1597)
	at java.base/java.util.ArrayList.forEach(ArrayList.java:1597)
]]></failure>
  </testcase>
  <testcase name="testInfixToPostfixWithParentheses" classname="com.api.PostfixTest" time="0.0">
    <error message="Tipo de stack no válido: ArrayList" type="java.lang.IllegalArgumentException"><![CDATA[java.lang.IllegalArgumentException: Tipo de stack no válido: ArrayList
	at com.api.stack.StackFactory.crearStack(StackFactory.java:17)
	at com.api.Postfix.infixToPostfix(Postfix.java:26)
	at com.api.PostfixTest.testInfixToPostfixWithParentheses(PostfixTest.java:195)
	at java.base/java.lang.reflect.Method.invoke(Method.java:580)
	at java.base/java.util.ArrayList.forEach(ArrayList.java:1597)
	at java.base/java.util.ArrayList.forEach(ArrayList.java:1597)
]]></error>
  </testcase>
  <testcase name="testEvaluateWithNegativeNumbers" classname="com.api.PostfixTest" time="0.001">
    <error message="Tipo de stack no válido: ArrayList" type="java.lang.IllegalArgumentException"><![CDATA[java.lang.IllegalArgumentException: Tipo de stack no válido: ArrayList
	at com.api.stack.StackFactory.crearStack(StackFactory.java:17)
	at com.api.Postfix.eval(Postfix.java:79)
	at com.api.PostfixTest.testEvaluateWithNegativeNumbers(PostfixTest.java:141)
	at java.base/java.lang.reflect.Method.invoke(Method.java:580)
	at java.base/java.util.ArrayList.forEach(ArrayList.java:1597)
	at java.base/java.util.ArrayList.forEach(ArrayList.java:1597)
]]></error>
  </testcase>
  <testcase name="testEvaluateSimpleExpression" classname="com.api.PostfixTest" time="0.001">
    <error message="Tipo de stack no válido: ArrayList" type="java.lang.IllegalArgumentException"><![CDATA[java.lang.IllegalArgumentException: Tipo de stack no válido: ArrayList
	at com.api.stack.StackFactory.crearStack(StackFactory.java:17)
	at com.api.Postfix.eval(Postfix.java:79)
	at com.api.PostfixTest.testEvaluateSimpleExpression(PostfixTest.java:60)
	at java.base/java.lang.reflect.Method.invoke(Method.java:580)
	at java.base/java.util.ArrayList.forEach(ArrayList.java:1597)
	at java.base/java.util.ArrayList.forEach(ArrayList.java:1597)
]]></error>
  </testcase>
  <testcase name="testEvaluateInvalidExpression" classname="com.api.PostfixTest" time="0.001">
    <failure message="expected: &lt;Invalid postfix expression&gt; but was: &lt;Tipo de stack no válido: ArrayList&gt;" type="org.opentest4j.AssertionFailedError"><![CDATA[org.opentest4j.AssertionFailedError: expected: <Invalid postfix expression> but was: <Tipo de stack no válido: ArrayList>
	at org.junit.jupiter.api.AssertionFailureBuilder.build(AssertionFailureBuilder.java:151)
	at org.junit.jupiter.api.AssertionFailureBuilder.buildAndThrow(AssertionFailureBuilder.java:132)
	at org.junit.jupiter.api.AssertEquals.failNotEqual(AssertEquals.java:197)
	at org.junit.jupiter.api.AssertEquals.assertEquals(AssertEquals.java:182)
	at org.junit.jupiter.api.AssertEquals.assertEquals(AssertEquals.java:177)
	at org.junit.jupiter.api.Assertions.assertEquals(Assertions.java:1145)
	at com.api.PostfixTest.testEvaluateInvalidExpression(PostfixTest.java:93)
	at java.base/java.lang.reflect.Method.invoke(Method.java:580)
	at java.base/java.util.ArrayList.forEach(ArrayList.java:1597)
	at java.base/java.util.ArrayList.forEach(ArrayList.java:1597)
]]></failure>
  </testcase>
  <testcase name="testInfixToPostfixSingleNumber" classname="com.api.PostfixTest" time="0.001">
    <error message="Tipo de stack no válido: ArrayList" type="java.lang.IllegalArgumentException"><![CDATA[java.lang.IllegalArgumentException: Tipo de stack no válido: ArrayList
	at com.api.stack.StackFactory.crearStack(StackFactory.java:17)
	at com.api.Postfix.infixToPostfix(Postfix.java:26)
	at com.api.PostfixTest.testInfixToPostfixSingleNumber(PostfixTest.java:170)
	at java.base/java.lang.reflect.Method.invoke(Method.java:580)
	at java.base/java.util.ArrayList.forEach(ArrayList.java:1597)
	at java.base/java.util.ArrayList.forEach(ArrayList.java:1597)
]]></error>
  </testcase>
  <testcase name="testEvaluateWithZero" classname="com.api.PostfixTest" time="0.001">
    <error message="Tipo de stack no válido: ArrayList" type="java.lang.IllegalArgumentException"><![CDATA[java.lang.IllegalArgumentException: Tipo de stack no válido: ArrayList
	at com.api.stack.StackFactory.crearStack(StackFactory.java:17)
	at com.api.Postfix.eval(Postfix.java:79)
	at com.api.PostfixTest.testEvaluateWithZero(PostfixTest.java:134)
	at java.base/java.lang.reflect.Method.invoke(Method.java:580)
	at java.base/java.util.ArrayList.forEach(ArrayList.java:1597)
	at java.base/java.util.ArrayList.forEach(ArrayList.java:1597)
]]></error>
  </testcase>
  <testcase name="testEvaluateSingleNumber" classname="com.api.PostfixTest" time="0.001">
    <error message="Tipo de stack no válido: ArrayList" type="java.lang.IllegalArgumentException"><![CDATA[java.lang.IllegalArgumentException: Tipo de stack no válido: ArrayList
	at com.api.stack.StackFactory.crearStack(StackFactory.java:17)
	at com.api.Postfix.eval(Postfix.java:79)
	at com.api.PostfixTest.testEvaluateSingleNumber(PostfixTest.java:74)
	at java.base/java.lang.reflect.Method.invoke(Method.java:580)
	at java.base/java.util.ArrayList.forEach(ArrayList.java:1597)
	at java.base/java.util.ArrayList.forEach(ArrayList.java:1597)
]]></error>
  </testcase>
  <testcase name="testEvaluateMultiplication" classname="com.api.PostfixTest" time="0.005">
    <error message="Tipo de stack no válido: ArrayList" type="java.lang.IllegalArgumentException"><![CDATA[java.lang.IllegalArgumentException: Tipo de stack no válido: ArrayList
	at com.api.stack.StackFactory.crearStack(StackFactory.java:17)
	at com.api.Postfix.eval(Postfix.java:79)
	at com.api.PostfixTest.testEvaluateMultiplication(PostfixTest.java:106)
	at java.base/java.lang.reflect.Method.invoke(Method.java:580)
	at java.base/java.util.ArrayList.forEach(ArrayList.java:1597)
	at java.base/java.util.ArrayList.forEach(ArrayList.java:1597)
]]></error>
  </testcase>
  <testcase name="testEvaluateEmptyExpression" classname="com.api.PostfixTest" time="0.002">
    <failure message="expected: &lt;Expression is empty&gt; but was: &lt;Tipo de stack no válido: ArrayList&gt;" type="org.opentest4j.AssertionFailedError"><![CDATA[org.opentest4j.AssertionFailedError: expected: <Expression is empty> but was: <Tipo de stack no válido: ArrayList>
	at org.junit.jupiter.api.AssertionFailureBuilder.build(AssertionFailureBuilder.java:151)
	at org.junit.jupiter.api.AssertionFailureBuilder.buildAndThrow(AssertionFailureBuilder.java:132)
	at org.junit.jupiter.api.AssertEquals.failNotEqual(AssertEquals.java:197)
	at org.junit.jupiter.api.AssertEquals.assertEquals(AssertEquals.java:182)
	at org.junit.jupiter.api.AssertEquals.assertEquals(AssertEquals.java:177)
	at org.junit.jupiter.api.Assertions.assertEquals(Assertions.java:1145)
	at com.api.PostfixTest.testEvaluateEmptyExpression(PostfixTest.java:84)
	at java.base/java.lang.reflect.Method.invoke(Method.java:580)
	at java.base/java.util.ArrayList.forEach(ArrayList.java:1597)
	at java.base/java.util.ArrayList.forEach(ArrayList.java:1597)
]]></failure>
  </testcase>
  <testcase name="testInfixToPostfixWithDivision" classname="com.api.PostfixTest" time="0.001">
    <error message="Tipo de stack no válido: ArrayList" type="java.lang.IllegalArgumentException"><![CDATA[java.lang.IllegalArgumentException: Tipo de stack no válido: ArrayList
	at com.api.stack.StackFactory.crearStack(StackFactory.java:17)
	at com.api.Postfix.infixToPostfix(Postfix.java:26)
	at com.api.PostfixTest.testInfixToPostfixWithDivision(PostfixTest.java:202)
	at java.base/java.lang.reflect.Method.invoke(Method.java:580)
	at java.base/java.util.ArrayList.forEach(ArrayList.java:1597)
	at java.base/java.util.ArrayList.forEach(ArrayList.java:1597)
]]></error>
  </testcase>
</testsuite>